<?xml version="1.0" encoding="UTF-8"?>
<!-- Generated by org.testng.reporters.JUnitXMLReporter -->
<testsuite hostname="LAPTOP-EHHH5ECB" name="HubSpot Functional Tests" tests="6" failures="1" timestamp="8 Jun 2020 09:50:56 GMT" time="58.888" errors="0">
  <testcase name="verifyLoginPageTitle" time="7.409" classname="com.qa.hubspot.tests.LoginPageTest"/>
  <testcase name="verifyHeaderTitleTest" time="0.047" classname="com.qa.hubspot.tests.HomePageTest"/>
  <testcase name="verifySignUpLink" time="0.12" classname="com.qa.hubspot.tests.LoginPageTest"/>
  <testcase name="clickContactsMenu" time="20.483" classname="com.qa.hubspot.tests.HomePageTest">
    <failure type="org.openqa.selenium.TimeoutException" message="Expected condition failed: waiting for presence of element located by: By.xpath: //a[@id=&amp;apos;nav-primary-contacts-branch&amp;apos;]) (tried for 20 second(s) with 500 milliseconds interval)">
      <![CDATA[org.openqa.selenium.TimeoutException: Expected condition failed: waiting for presence of element located by: By.xpath: //a[@id='nav-primary-contacts-branch']) (tried for 20 second(s) with 500 milliseconds interval)
	at org.openqa.selenium.support.ui.WebDriverWait.timeoutException(WebDriverWait.java:95)
	at org.openqa.selenium.support.ui.FluentWait.until(FluentWait.java:272)
	at com.qa.hubspot.util.ElementUtil.waitForElementPresent(ElementUtil.java:28)
	at com.qa.hubspot.page.HomePage.clickOnContactsMenu(HomePage.java:35)
	at com.qa.hubspot.tests.HomePageTest.clickContactsMenu(HomePageTest.java:59)
Caused by: org.openqa.selenium.InvalidSelectorException: invalid selector: Unable to locate an element with the xpath expression //a[@id='nav-primary-contacts-branch']) because of the following error:
SyntaxError: Failed to execute 'evaluate' on 'Document': The string '//a[@id='nav-primary-contacts-branch'])' is not a valid XPath expression.
  (Session info: chrome=83.0.4103.97)
For documentation on this error, please visit: https://www.seleniumhq.org/exceptions/invalid_selector_exception.html
Build info: version: '3.141.59', revision: 'e82be7d358', time: '2018-11-14T08:17:03'
System info: host: 'LAPTOP-EHHH5ECB', ip: '192.168.56.1', os.name: 'Windows 10', os.arch: 'amd64', os.version: '10.0', java.version: '1.8.0_251'
Driver info: org.openqa.selenium.chrome.ChromeDriver
Capabilities {acceptInsecureCerts: false, browserName: chrome, browserVersion: 83.0.4103.97, chrome: {chromedriverVersion: 83.0.4103.39 (ccbf011cb2d2b..., userDataDir: C:\Users\DEEPAV~1\AppData\L...}, goog:chromeOptions: {debuggerAddress: localhost:54526}, javascriptEnabled: true, networkConnectionEnabled: false, pageLoadStrategy: normal, platform: WINDOWS, platformName: WINDOWS, proxy: Proxy(), setWindowRect: true, strictFileInteractability: false, timeouts: {implicit: 0, pageLoad: 300000, script: 30000}, unhandledPromptBehavior: dismiss and notify, webauthn:virtualAuthenticators: true}
Session ID: b18050f9f4cbdbea83be838440bc2c23
*** Element info: {Using=xpath, value=//a[@id='nav-primary-contacts-branch'])}
	at org.openqa.selenium.remote.http.W3CHttpResponseCodec.createException(W3CHttpResponseCodec.java:187)
	at org.openqa.selenium.remote.http.W3CHttpResponseCodec.decode(W3CHttpResponseCodec.java:122)
	at org.openqa.selenium.remote.http.W3CHttpResponseCodec.decode(W3CHttpResponseCodec.java:49)
	at org.openqa.selenium.remote.HttpCommandExecutor.execute(HttpCommandExecutor.java:158)
	at org.openqa.selenium.remote.service.DriverCommandExecutor.execute(DriverCommandExecutor.java:83)
	at org.openqa.selenium.remote.RemoteWebDriver.execute(RemoteWebDriver.java:552)
	at org.openqa.selenium.remote.RemoteWebDriver.findElement(RemoteWebDriver.java:323)
	at org.openqa.selenium.remote.RemoteWebDriver.findElementByXPath(RemoteWebDriver.java:428)
	at org.openqa.selenium.By$ByXPath.findElement(By.java:353)
	at org.openqa.selenium.remote.RemoteWebDriver.findElement(RemoteWebDriver.java:315)
	at org.openqa.selenium.support.ui.ExpectedConditions$6.apply(ExpectedConditions.java:182)
	at org.openqa.selenium.support.ui.ExpectedConditions$6.apply(ExpectedConditions.java:179)
	at org.openqa.selenium.support.ui.FluentWait.until(FluentWait.java:249)
	... 28 more
... Removed 28 stack frames]]>
    </failure>
  </testcase> <!-- clickContactsMenu -->
  <testcase name="doLogin" time="5.628" classname="com.qa.hubspot.tests.LoginPageTest"/>
  <testcase name="enableRememberMeCheckBox" time="0.017" classname="com.qa.hubspot.tests.LoginPageTest"/>
</testsuite> <!-- HubSpot Functional Tests -->
