<?xml version="1.0" encoding="UTF-8"?>
<!-- Generated by org.testng.reporters.JUnitXMLReporter -->
<testsuite hostname="LAPTOP-EHHH5ECB" name="Hub Spot Functional Test - Chrome" tests="6" failures="2" timestamp="10 Jun 2020 13:39:45 GMT" time="74.808" errors="0">
  <testcase name="verifyLoginPageTitle" time="10.598" classname="com.qa.hubspot.tests.LoginPageTest"/>
  <testcase name="verifyHeaderTitleTest" time="0.082" classname="com.qa.hubspot.tests.HomePageTest">
    <failure type="java.lang.AssertionError" message="expected [Thanks for choosing HubSpot] but found [null]">
      <![CDATA[java.lang.AssertionError: expected [Thanks for choosing HubSpot] but found [null]
	at com.qa.hubspot.tests.HomePageTest.verifyHeaderTitleTest(HomePageTest.java:45)
	at java.util.concurrent.FutureTask.run(FutureTask.java:266)
	at java.util.concurrent.ThreadPoolExecutor.runWorker(ThreadPoolExecutor.java:1149)
	at java.util.concurrent.ThreadPoolExecutor$Worker.run(ThreadPoolExecutor.java:624)
	at java.lang.Thread.run(Thread.java:748)
... Removed 22 stack frames]]>
    </failure>
  </testcase> <!-- verifyHeaderTitleTest -->
  <testcase name="verifySignUpLink" time="0.395" classname="com.qa.hubspot.tests.LoginPageTest"/>
  <testcase name="clickContactsMenu" time="4.281" classname="com.qa.hubspot.tests.HomePageTest"/>
  <testcase name="doLogin" time="7.191" classname="com.qa.hubspot.tests.LoginPageTest">
    <failure type="java.lang.AssertionError" message="expected [Thanks for choosing HubSpot] but found [null]">
      <![CDATA[java.lang.AssertionError: expected [Thanks for choosing HubSpot] but found [null]
	at com.qa.hubspot.tests.LoginPageTest.doLogin(LoginPageTest.java:101)
	at java.util.concurrent.FutureTask.run(FutureTask.java:266)
	at java.util.concurrent.ThreadPoolExecutor.runWorker(ThreadPoolExecutor.java:1149)
	at java.util.concurrent.ThreadPoolExecutor$Worker.run(ThreadPoolExecutor.java:624)
	at java.lang.Thread.run(Thread.java:748)
... Removed 22 stack frames]]>
    </failure>
  </testcase> <!-- doLogin -->
  <testcase name="enableRememberMeCheckBox" time="0.021" classname="com.qa.hubspot.tests.LoginPageTest"/>
</testsuite> <!-- Hub Spot Functional Test - Chrome -->
