<?xml version="1.0" encoding="UTF-8"?>
<testng-results skipped="0" failed="1" ignored="1" total="5" passed="3">
  <reporter-output>
  </reporter-output>
  <suite name="Hub Spot Regression Suite" duration-ms="26234" started-at="2020-06-09T11:24:33Z" finished-at="2020-06-09T11:24:59Z">
    <groups>
    </groups>
    <test name="Hub Spot Functional Test" duration-ms="26234" started-at="2020-06-09T11:24:33Z" finished-at="2020-06-09T11:24:59Z">
      <class name="com.qa.hubspot.tests.LoginPageTest">
        <test-method status="PASS" signature="setUp()[pri:0, instance:com.qa.hubspot.tests.LoginPageTest@85ec632]" name="setUp" is-config="true" duration-ms="10700" started-at="2020-06-09T11:24:33Z" finished-at="2020-06-09T11:24:44Z">
          <reporter-output>
          </reporter-output>
        </test-method> <!-- setUp -->
        <test-method status="PASS" signature="verifyLoginPageTitle()[pri:1, instance:com.qa.hubspot.tests.LoginPageTest@85ec632]" name="verifyLoginPageTitle" duration-ms="7100" started-at="2020-06-09T11:24:44Z" finished-at="2020-06-09T11:24:51Z">
          <reporter-output>
          </reporter-output>
        </test-method> <!-- verifyLoginPageTitle -->
        <test-method status="PASS" signature="verifySignUpLink()[pri:2, instance:com.qa.hubspot.tests.LoginPageTest@85ec632]" name="verifySignUpLink" duration-ms="131" started-at="2020-06-09T11:24:51Z" finished-at="2020-06-09T11:24:51Z">
          <reporter-output>
          </reporter-output>
        </test-method> <!-- verifySignUpLink -->
        <test-method status="FAIL" signature="doLogin()[pri:3, instance:com.qa.hubspot.tests.LoginPageTest@85ec632]" name="doLogin" duration-ms="6812" started-at="2020-06-09T11:24:51Z" finished-at="2020-06-09T11:24:58Z">
          <exception class="java.lang.AssertionError">
            <message>
              <![CDATA[expected [Thanks for choosing HubSpot] but found [null]]]>
            </message>
            <full-stacktrace>
              <![CDATA[java.lang.AssertionError: expected [Thanks for choosing HubSpot] but found [null]
at org.testng.Assert.fail(Assert.java:96)
at org.testng.Assert.failNotEquals(Assert.java:776)
at org.testng.Assert.assertEqualsImpl(Assert.java:132)
at org.testng.Assert.assertEquals(Assert.java:118)
at org.testng.Assert.assertEquals(Assert.java:453)
at org.testng.Assert.assertEquals(Assert.java:463)
at com.qa.hubspot.tests.LoginPageTest.doLogin(LoginPageTest.java:76)
at sun.reflect.NativeMethodAccessorImpl.invoke0(Native Method)
at sun.reflect.NativeMethodAccessorImpl.invoke(NativeMethodAccessorImpl.java:62)
at sun.reflect.DelegatingMethodAccessorImpl.invoke(DelegatingMethodAccessorImpl.java:43)
at java.lang.reflect.Method.invoke(Method.java:498)
at org.testng.internal.MethodInvocationHelper.invokeMethod(MethodInvocationHelper.java:124)
at org.testng.internal.Invoker.invokeMethod(Invoker.java:583)
at org.testng.internal.Invoker.invokeTestMethod(Invoker.java:719)
at org.testng.internal.Invoker.invokeTestMethods(Invoker.java:989)
at org.testng.internal.TestMethodWorker.invokeTestMethods(TestMethodWorker.java:125)
at org.testng.internal.TestMethodWorker.run(TestMethodWorker.java:109)
at org.testng.TestRunner.privateRun(TestRunner.java:648)
at org.testng.TestRunner.run(TestRunner.java:505)
at org.testng.SuiteRunner.runTest(SuiteRunner.java:455)
at org.testng.SuiteRunner.runSequentially(SuiteRunner.java:450)
at org.testng.SuiteRunner.privateRun(SuiteRunner.java:415)
at org.testng.SuiteRunner.run(SuiteRunner.java:364)
at org.testng.SuiteRunnerWorker.runSuite(SuiteRunnerWorker.java:52)
at org.testng.SuiteRunnerWorker.run(SuiteRunnerWorker.java:84)
at org.testng.TestNG.runSuitesSequentially(TestNG.java:1208)
at org.testng.TestNG.runSuitesLocally(TestNG.java:1137)
at org.testng.TestNG.runSuites(TestNG.java:1049)
at org.testng.TestNG.run(TestNG.java:1017)
at org.apache.maven.surefire.testng.TestNGExecutor.run(TestNGExecutor.java:283)
at org.apache.maven.surefire.testng.TestNGXmlTestSuite.execute(TestNGXmlTestSuite.java:75)
at org.apache.maven.surefire.testng.TestNGProvider.invoke(TestNGProvider.java:120)
at org.apache.maven.surefire.booter.ForkedBooter.invokeProviderInSameClassLoader(ForkedBooter.java:386)
at org.apache.maven.surefire.booter.ForkedBooter.runSuitesInProcess(ForkedBooter.java:323)
at org.apache.maven.surefire.booter.ForkedBooter.main(ForkedBooter.java:143)
]]>
            </full-stacktrace>
          </exception> <!-- java.lang.AssertionError -->
          <reporter-output>
          </reporter-output>
        </test-method> <!-- doLogin -->
        <test-method status="PASS" signature="enableRememberMeCheckBox()[pri:4, instance:com.qa.hubspot.tests.LoginPageTest@85ec632]" name="enableRememberMeCheckBox" duration-ms="33" started-at="2020-06-09T11:24:58Z" finished-at="2020-06-09T11:24:58Z">
          <reporter-output>
          </reporter-output>
        </test-method> <!-- enableRememberMeCheckBox -->
        <test-method status="PASS" signature="tearDown()[pri:0, instance:com.qa.hubspot.tests.LoginPageTest@85ec632]" name="tearDown" is-config="true" duration-ms="714" started-at="2020-06-09T11:24:58Z" finished-at="2020-06-09T11:24:59Z">
          <reporter-output>
          </reporter-output>
        </test-method> <!-- tearDown -->
      </class> <!-- com.qa.hubspot.tests.LoginPageTest -->
    </test> <!-- Hub Spot Functional Test -->
  </suite> <!-- Hub Spot Regression Suite -->
</testng-results>
