<?xml version="1.0" encoding="UTF-8"?>
<!-- Generated by org.testng.reporters.JUnitXMLReporter -->
<testsuite hostname="LAPTOP-EHHH5ECB" ignored="1" name="Hub Spot Functional Test" tests="4" failures="1" timestamp="09 Jun 2020 11:24:59 GMT" time="26.234" errors="0">
  <testcase name="verifyLoginPageTitle" time="7.1" classname="com.qa.hubspot.tests.LoginPageTest"/>
  <testcase name="verifySignUpLink" time="0.131" classname="com.qa.hubspot.tests.LoginPageTest"/>
  <testcase name="doLogin" time="6.812" classname="com.qa.hubspot.tests.LoginPageTest">
    <failure type="java.lang.AssertionError" message="expected [Thanks for choosing HubSpot] but found [null]">
      <![CDATA[java.lang.AssertionError: expected [Thanks for choosing HubSpot] but found [null]
at com.qa.hubspot.tests.LoginPageTest.doLogin(LoginPageTest.java:76)
... Removed 34 stack frames]]>
    </failure>
  </testcase> <!-- doLogin -->
  <testcase name="enableRememberMeCheckBox" time="0.033" classname="com.qa.hubspot.tests.LoginPageTest"/>
  <testcase name="doInvalidLogin" time="0.0" classname="com.qa.hubspot.tests.LoginPageTest">
    <ignored/>
  </testcase> <!-- doInvalidLogin -->
</testsuite> <!-- Hub Spot Functional Test -->
