<!DOCTYPE html PUBLIC "-//W3C//DTD XHTML 1.1//EN" "http://www.w3.org/TR/xhtml11/DTD/xhtml11.dtd">
<html xmlns="http://www.w3.org/1999/xhtml"><head><title>TestNG Report</title><style type="text/css">table {margin-bottom:10px;border-collapse:collapse;empty-cells:show}th,td {border:1px solid #009;padding:.25em .5em}th {vertical-align:bottom}td {vertical-align:top}table a {font-weight:bold}.stripe td {background-color: #E6EBF9}.num {text-align:right}.passedodd td {background-color: #3F3}.passedeven td {background-color: #0A0}.skippedodd td {background-color: #DDD}.skippedeven td {background-color: #CCC}.failedodd td,.attn {background-color: #F33}.failedeven td,.stripe .attn {background-color: #D00}.stacktrace {white-space:pre;font-family:monospace}.totop {font-size:85%;text-align:center;border-bottom:2px solid #000}</style></head><body><table><tr><th>Test</th><th># Passed</th><th># Skipped</th><th># Failed</th><th>Time (ms)</th><th>Included Groups</th><th>Excluded Groups</th></tr><tr><th colspan="7">Hub Spot Regression Suite</th></tr><tr><td><a href="#t0">Hub Spot Test - Chrome</a></td><td class="num">3</td><td class="num">0</td><td class="num attn">1</td><td class="num">28,913</td><td></td><td></td></tr><tr class="stripe"><td><a href="#t1">Hub Spot Functional Test - FF</a></td><td class="num">3</td><td class="num">0</td><td class="num attn">1</td><td class="num">42,389</td><td></td><td></td></tr><tr><th>Total</th><th class="num">6</th><th class="num">0</th><th class="num attn">2</th><th class="num">71,302</th><th colspan="2"></th></tr></table><table><thead><tr><th>Class</th><th>Method</th><th>Start</th><th>Time (ms)</th></tr></thead><tbody><tr><th colspan="4">Hub Spot Regression Suite</th></tr></tbody><tbody id="t0"><tr><th colspan="4">Hub Spot Test - Chrome &#8212; failed</th></tr><tr class="failedeven"><td rowspan="1">com.qa.hubspot.tests.LoginPageTest</td><td><a href="#m0">doLogin</a></td><td rowspan="1">1591797867739</td><td rowspan="1">6749</td></tr><tr><th colspan="4">Hub Spot Test - Chrome &#8212; passed</th></tr><tr class="passedeven"><td rowspan="3">com.qa.hubspot.tests.LoginPageTest</td><td><a href="#m1">enableRememberMeCheckBox</a></td><td rowspan="1">1591797875491</td><td rowspan="1">176</td></tr><tr class="passedeven"><td><a href="#m2">verifyLoginPageTitle</a></td><td rowspan="1">1591797860922</td><td rowspan="1">6569</td></tr><tr class="passedeven"><td><a href="#m3">verifySignUpLink</a></td><td rowspan="1">1591797867614</td><td rowspan="1">121</td></tr></tbody><tbody id="t1"><tr><th colspan="4">Hub Spot Functional Test - FF &#8212; failed</th></tr><tr class="failedeven"><td rowspan="1">com.qa.hubspot.tests.LoginPageTest</td><td><a href="#m4">doLogin</a></td><td rowspan="1">1591797873787</td><td rowspan="1">6042</td></tr><tr><th colspan="4">Hub Spot Functional Test - FF &#8212; passed</th></tr><tr class="passedeven"><td rowspan="3">com.qa.hubspot.tests.LoginPageTest</td><td><a href="#m5">enableRememberMeCheckBox</a></td><td rowspan="1">1591797880008</td><td rowspan="1">249</td></tr><tr class="passedeven"><td><a href="#m6">verifyLoginPageTitle</a></td><td rowspan="1">1591797867061</td><td rowspan="1">5599</td></tr><tr class="passedeven"><td><a href="#m7">verifySignUpLink</a></td><td rowspan="1">1591797872672</td><td rowspan="1">1112</td></tr></tbody></table><h2>Hub Spot Test - Chrome</h2><h3 id="m0">com.qa.hubspot.tests.LoginPageTest#doLogin</h3><table class="result"><tr><th>Exception</th></tr><tr><td><div class="stacktrace">java.lang.AssertionError: expected [Thanks for choosing HubSpot] but found [null]
	at com.qa.hubspot.tests.LoginPageTest.doLogin(LoginPageTest.java:101)
	at java.util.concurrent.FutureTask.run(FutureTask.java:266)
	at java.util.concurrent.ThreadPoolExecutor.runWorker(ThreadPoolExecutor.java:1149)
	at java.util.concurrent.ThreadPoolExecutor$Worker.run(ThreadPoolExecutor.java:624)
	at java.lang.Thread.run(Thread.java:748)
... Removed 22 stack frames</div></td></tr></table><p class="totop"><a href="#summary">back to summary</a></p><h3 id="m1">com.qa.hubspot.tests.LoginPageTest#enableRememberMeCheckBox</h3><table class="result"></table><p class="totop"><a href="#summary">back to summary</a></p><h3 id="m2">com.qa.hubspot.tests.LoginPageTest#verifyLoginPageTitle</h3><table class="result"></table><p class="totop"><a href="#summary">back to summary</a></p><h3 id="m3">com.qa.hubspot.tests.LoginPageTest#verifySignUpLink</h3><table class="result"></table><p class="totop"><a href="#summary">back to summary</a></p><h2>Hub Spot Functional Test - FF</h2><h3 id="m4">com.qa.hubspot.tests.LoginPageTest#doLogin</h3><table class="result"><tr><th>Exception</th></tr><tr><td><div class="stacktrace">java.lang.AssertionError: expected [Thanks for choosing HubSpot] but found [null]
	at com.qa.hubspot.tests.LoginPageTest.doLogin(LoginPageTest.java:101)
	at java.util.concurrent.FutureTask.run(FutureTask.java:266)
	at java.util.concurrent.ThreadPoolExecutor.runWorker(ThreadPoolExecutor.java:1149)
	at java.util.concurrent.ThreadPoolExecutor$Worker.run(ThreadPoolExecutor.java:624)
	at java.lang.Thread.run(Thread.java:748)
... Removed 22 stack frames</div></td></tr></table><p class="totop"><a href="#summary">back to summary</a></p><h3 id="m5">com.qa.hubspot.tests.LoginPageTest#enableRememberMeCheckBox</h3><table class="result"></table><p class="totop"><a href="#summary">back to summary</a></p><h3 id="m6">com.qa.hubspot.tests.LoginPageTest#verifyLoginPageTitle</h3><table class="result"></table><p class="totop"><a href="#summary">back to summary</a></p><h3 id="m7">com.qa.hubspot.tests.LoginPageTest#verifySignUpLink</h3><table class="result"></table><p class="totop"><a href="#summary">back to summary</a></p></body></html>